<?xml version="1.0" encoding="UTF-8"?>
<testsuite name="com.crudpractice.HelloControllerTest" tests="2" skipped="0" failures="0" errors="0" timestamp="2023-05-30T12:58:49" hostname="DESKTOP-7HTCRV8" time="0.358">
  <properties/>
  <testcase name="returnHelloDto" classname="com.crudpractice.HelloControllerTest" time="0.351"/>
  <testcase name="returnHello" classname="com.crudpractice.HelloControllerTest" time="0.006"/>
  <system-out><![CDATA[21:58:46.599 [Test worker] DEBUG org.springframework.test.context.junit4.SpringJUnit4ClassRunner - SpringJUnit4ClassRunner constructor called with [class com.crudpractice.HelloControllerTest]
21:58:46.607 [Test worker] DEBUG org.springframework.test.context.BootstrapUtils - Instantiating CacheAwareContextLoaderDelegate from class [org.springframework.test.context.cache.DefaultCacheAwareContextLoaderDelegate]
21:58:46.615 [Test worker] DEBUG org.springframework.test.context.BootstrapUtils - Instantiating BootstrapContext using constructor [public org.springframework.test.context.support.DefaultBootstrapContext(java.lang.Class,org.springframework.test.context.CacheAwareContextLoaderDelegate)]
21:58:46.633 [Test worker] DEBUG org.springframework.test.context.BootstrapUtils - Instantiating TestContextBootstrapper for test class [com.crudpractice.HelloControllerTest] from class [org.springframework.boot.test.autoconfigure.web.servlet.WebMvcTestContextBootstrapper]
21:58:46.652 [Test worker] INFO org.springframework.boot.test.autoconfigure.web.servlet.WebMvcTestContextBootstrapper - Neither @ContextConfiguration nor @ContextHierarchy found for test class [com.crudpractice.HelloControllerTest], using SpringBootContextLoader
21:58:46.656 [Test worker] DEBUG org.springframework.test.context.support.AbstractContextLoader - Did not detect default resource location for test class [com.crudpractice.HelloControllerTest]: class path resource [com/crudpractice/HelloControllerTest-context.xml] does not exist
21:58:46.656 [Test worker] DEBUG org.springframework.test.context.support.AbstractContextLoader - Did not detect default resource location for test class [com.crudpractice.HelloControllerTest]: class path resource [com/crudpractice/HelloControllerTestContext.groovy] does not exist
21:58:46.656 [Test worker] INFO org.springframework.test.context.support.AbstractContextLoader - Could not detect default resource locations for test class [com.crudpractice.HelloControllerTest]: no resource found for suffixes {-context.xml, Context.groovy}.
21:58:46.657 [Test worker] INFO org.springframework.test.context.support.AnnotationConfigContextLoaderUtils - Could not detect default configuration classes for test class [com.crudpractice.HelloControllerTest]: HelloControllerTest does not declare any static, non-private, non-final, nested classes annotated with @Configuration.
21:58:46.721 [Test worker] DEBUG org.springframework.test.context.support.ActiveProfilesUtils - Could not find an 'annotation declaring class' for annotation type [org.springframework.test.context.ActiveProfiles] and class [com.crudpractice.HelloControllerTest]
21:58:46.777 [Test worker] DEBUG org.springframework.context.annotation.ClassPathScanningCandidateComponentProvider - Identified candidate component class: file [C:\Users\lee\IdeaProjects\CrudPractice\build\classes\java\main\com\crudpractice\Application.class]
21:58:46.778 [Test worker] INFO org.springframework.boot.test.context.SpringBootTestContextBootstrapper - Found @SpringBootConfiguration com.crudpractice.Application for test class com.crudpractice.HelloControllerTest
21:58:46.780 [Test worker] DEBUG org.springframework.boot.test.autoconfigure.web.servlet.WebMvcTestContextBootstrapper - @TestExecutionListeners is not present for class [com.crudpractice.HelloControllerTest]: using defaults.
21:58:46.781 [Test worker] INFO org.springframework.boot.test.autoconfigure.web.servlet.WebMvcTestContextBootstrapper - Loaded default TestExecutionListener class names from location [META-INF/spring.factories]: [org.springframework.security.test.context.support.WithSecurityContextTestExecutionListener, org.springframework.security.test.context.support.ReactorContextTestExecutionListener, org.springframework.boot.test.autoconfigure.restdocs.RestDocsTestExecutionListener, org.springframework.boot.test.autoconfigure.web.client.MockRestServiceServerResetTestExecutionListener, org.springframework.boot.test.autoconfigure.web.servlet.MockMvcPrintOnlyOnFailureTestExecutionListener, org.springframework.boot.test.autoconfigure.web.servlet.WebDriverTestExecutionListener, org.springframework.boot.test.mock.mockito.MockitoTestExecutionListener, org.springframework.boot.test.mock.mockito.ResetMocksTestExecutionListener, org.springframework.test.context.web.ServletTestExecutionListener, org.springframework.test.context.support.DirtiesContextBeforeModesTestExecutionListener, org.springframework.test.context.support.DependencyInjectionTestExecutionListener, org.springframework.test.context.support.DirtiesContextTestExecutionListener, org.springframework.test.context.transaction.TransactionalTestExecutionListener, org.springframework.test.context.jdbc.SqlScriptsTestExecutionListener]
21:58:46.807 [Test worker] INFO org.springframework.boot.test.autoconfigure.web.servlet.WebMvcTestContextBootstrapper - Using TestExecutionListeners: [org.springframework.test.context.web.ServletTestExecutionListener@4483d8b0, org.springframework.test.context.support.DirtiesContextBeforeModesTestExecutionListener@6c42b120, org.springframework.boot.test.mock.mockito.MockitoTestExecutionListener@7a991f93, org.springframework.boot.test.autoconfigure.SpringBootDependencyInjectionTestExecutionListener@566938ea, org.springframework.test.context.support.DirtiesContextTestExecutionListener@cf53ccf, org.springframework.test.context.transaction.TransactionalTestExecutionListener@754747c0, org.springframework.test.context.jdbc.SqlScriptsTestExecutionListener@4710ab7c, org.springframework.security.test.context.support.WithSecurityContextTestExecutionListener@5821651c, org.springframework.security.test.context.support.ReactorContextTestExecutionListener@7d972993, org.springframework.boot.test.autoconfigure.restdocs.RestDocsTestExecutionListener@32a118a6, org.springframework.boot.test.autoconfigure.web.client.MockRestServiceServerResetTestExecutionListener@70281ec5, org.springframework.boot.test.autoconfigure.web.servlet.MockMvcPrintOnlyOnFailureTestExecutionListener@23f28c59, org.springframework.boot.test.autoconfigure.web.servlet.WebDriverTestExecutionListener@67ede205, org.springframework.boot.test.mock.mockito.ResetMocksTestExecutionListener@5db3b276]
21:58:46.810 [Test worker] DEBUG org.springframework.test.annotation.ProfileValueUtils - Retrieved @ProfileValueSourceConfiguration [null] for test class [com.crudpractice.HelloControllerTest]
21:58:46.811 [Test worker] DEBUG org.springframework.test.annotation.ProfileValueUtils - Retrieved ProfileValueSource type [class org.springframework.test.annotation.SystemProfileValueSource] for class [com.crudpractice.HelloControllerTest]
21:58:46.811 [Test worker] DEBUG org.springframework.test.annotation.ProfileValueUtils - Retrieved @ProfileValueSourceConfiguration [null] for test class [com.crudpractice.HelloControllerTest]
21:58:46.811 [Test worker] DEBUG org.springframework.test.annotation.ProfileValueUtils - Retrieved ProfileValueSource type [class org.springframework.test.annotation.SystemProfileValueSource] for class [com.crudpractice.HelloControllerTest]
21:58:46.816 [Test worker] DEBUG org.springframework.test.context.support.AbstractDirtiesContextTestExecutionListener - Before test class: context [DefaultTestContext@2bac06c5 testClass = HelloControllerTest, testInstance = [null], testMethod = [null], testException = [null], mergedContextConfiguration = [WebMergedContextConfiguration@1d20bd95 testClass = HelloControllerTest, locations = '{}', classes = '{class com.crudpractice.Application}', contextInitializerClasses = '[]', activeProfiles = '{}', propertySourceLocations = '{}', propertySourceProperties = '{org.springframework.boot.test.autoconfigure.web.servlet.WebMvcTestContextBootstrapper=true}', contextCustomizers = set[org.springframework.boot.test.autoconfigure.OverrideAutoConfigurationContextCustomizerFactory$DisableAutoConfigurationContextCustomizer@2b539dcf, org.springframework.boot.test.autoconfigure.filter.TypeExcludeFiltersContextCustomizer@c88c51ec, org.springframework.boot.test.autoconfigure.properties.PropertyMappingContextCustomizer@f99e9556, org.springframework.boot.test.autoconfigure.web.servlet.WebDriverContextCustomizerFactory$Customizer@4c58aee0, [ImportsContextCustomizer@aa6053f key = [org.springframework.boot.autoconfigure.cache.CacheAutoConfiguration, org.springframework.boot.autoconfigure.context.MessageSourceAutoConfiguration, org.springframework.boot.autoconfigure.data.web.SpringDataWebAutoConfiguration, org.springframework.boot.autoconfigure.freemarker.FreeMarkerAutoConfiguration, org.springframework.boot.autoconfigure.groovy.template.GroovyTemplateAutoConfiguration, org.springframework.boot.autoconfigure.gson.GsonAutoConfiguration, org.springframework.boot.autoconfigure.hateoas.HypermediaAutoConfiguration, org.springframework.boot.autoconfigure.http.HttpMessageConvertersAutoConfiguration, org.springframework.boot.autoconfigure.jackson.JacksonAutoConfiguration, org.springframework.boot.autoconfigure.jsonb.JsonbAutoConfiguration, org.springframework.boot.autoconfigure.mustache.MustacheAutoConfiguration, org.springframework.boot.autoconfigure.task.TaskExecutionAutoConfiguration, org.springframework.boot.autoconfigure.thymeleaf.ThymeleafAutoConfiguration, org.springframework.boot.autoconfigure.validation.ValidationAutoConfiguration, org.springframework.boot.autoconfigure.web.servlet.error.ErrorMvcAutoConfiguration, org.springframework.boot.autoconfigure.web.servlet.WebMvcAutoConfiguration, org.springframework.boot.test.autoconfigure.web.servlet.MockMvcAutoConfiguration, org.springframework.boot.test.autoconfigure.web.servlet.MockMvcSecurityAutoConfiguration, org.springframework.boot.test.autoconfigure.web.servlet.MockMvcWebClientAutoConfiguration, org.springframework.boot.test.autoconfigure.web.servlet.MockMvcWebDriverAutoConfiguration]], org.springframework.boot.test.context.filter.ExcludeFilterContextCustomizer@1fe69406, org.springframework.boot.test.json.DuplicateJsonObjectContextCustomizerFactory$DuplicateJsonObjectContextCustomizer@73433f76, org.springframework.boot.test.mock.mockito.MockitoContextCustomizer@0], resourceBasePath = 'src/main/webapp', contextLoader = 'org.springframework.boot.test.context.SpringBootContextLoader', parent = [null]], attributes = map[[empty]]], class annotated with @DirtiesContext [false] with mode [null].
21:58:46.817 [Test worker] DEBUG org.springframework.test.annotation.ProfileValueUtils - Retrieved @ProfileValueSourceConfiguration [null] for test class [com.crudpractice.HelloControllerTest]
21:58:46.817 [Test worker] DEBUG org.springframework.test.annotation.ProfileValueUtils - Retrieved ProfileValueSource type [class org.springframework.test.annotation.SystemProfileValueSource] for class [com.crudpractice.HelloControllerTest]
21:58:46.822 [Test worker] DEBUG org.springframework.test.context.support.DependencyInjectionTestExecutionListener - Performing dependency injection for test context [[DefaultTestContext@2bac06c5 testClass = HelloControllerTest, testInstance = com.crudpractice.HelloControllerTest@6e24e54a, testMethod = [null], testException = [null], mergedContextConfiguration = [WebMergedContextConfiguration@1d20bd95 testClass = HelloControllerTest, locations = '{}', classes = '{class com.crudpractice.Application}', contextInitializerClasses = '[]', activeProfiles = '{}', propertySourceLocations = '{}', propertySourceProperties = '{org.springframework.boot.test.autoconfigure.web.servlet.WebMvcTestContextBootstrapper=true}', contextCustomizers = set[org.springframework.boot.test.autoconfigure.OverrideAutoConfigurationContextCustomizerFactory$DisableAutoConfigurationContextCustomizer@2b539dcf, org.springframework.boot.test.autoconfigure.filter.TypeExcludeFiltersContextCustomizer@c88c51ec, org.springframework.boot.test.autoconfigure.properties.PropertyMappingContextCustomizer@f99e9556, org.springframework.boot.test.autoconfigure.web.servlet.WebDriverContextCustomizerFactory$Customizer@4c58aee0, [ImportsContextCustomizer@aa6053f key = [org.springframework.boot.autoconfigure.cache.CacheAutoConfiguration, org.springframework.boot.autoconfigure.context.MessageSourceAutoConfiguration, org.springframework.boot.autoconfigure.data.web.SpringDataWebAutoConfiguration, org.springframework.boot.autoconfigure.freemarker.FreeMarkerAutoConfiguration, org.springframework.boot.autoconfigure.groovy.template.GroovyTemplateAutoConfiguration, org.springframework.boot.autoconfigure.gson.GsonAutoConfiguration, org.springframework.boot.autoconfigure.hateoas.HypermediaAutoConfiguration, org.springframework.boot.autoconfigure.http.HttpMessageConvertersAutoConfiguration, org.springframework.boot.autoconfigure.jackson.JacksonAutoConfiguration, org.springframework.boot.autoconfigure.jsonb.JsonbAutoConfiguration, org.springframework.boot.autoconfigure.mustache.MustacheAutoConfiguration, org.springframework.boot.autoconfigure.task.TaskExecutionAutoConfiguration, org.springframework.boot.autoconfigure.thymeleaf.ThymeleafAutoConfiguration, org.springframework.boot.autoconfigure.validation.ValidationAutoConfiguration, org.springframework.boot.autoconfigure.web.servlet.error.ErrorMvcAutoConfiguration, org.springframework.boot.autoconfigure.web.servlet.WebMvcAutoConfiguration, org.springframework.boot.test.autoconfigure.web.servlet.MockMvcAutoConfiguration, org.springframework.boot.test.autoconfigure.web.servlet.MockMvcSecurityAutoConfiguration, org.springframework.boot.test.autoconfigure.web.servlet.MockMvcWebClientAutoConfiguration, org.springframework.boot.test.autoconfigure.web.servlet.MockMvcWebDriverAutoConfiguration]], org.springframework.boot.test.context.filter.ExcludeFilterContextCustomizer@1fe69406, org.springframework.boot.test.json.DuplicateJsonObjectContextCustomizerFactory$DuplicateJsonObjectContextCustomizer@73433f76, org.springframework.boot.test.mock.mockito.MockitoContextCustomizer@0], resourceBasePath = 'src/main/webapp', contextLoader = 'org.springframework.boot.test.context.SpringBootContextLoader', parent = [null]], attributes = map[[empty]]]].
21:58:46.947 [Test worker] DEBUG org.springframework.test.context.support.TestPropertySourceUtils - Adding inlined properties to environment: {spring.jmx.enabled=false, org.springframework.boot.test.autoconfigure.web.servlet.WebMvcTestContextBootstrapper=true, server.port=-1}

  .   ____          _            __ _ _
 /\\ / ___'_ __ _ _(_)_ __  __ _ \ \ \ \
( ( )\___ | '_ | '_| | '_ \/ _` | \ \ \ \
 \\/  ___)| |_)| | | | | || (_| |  ) ) ) )
  '  |____| .__|_| |_|_| |_\__, | / / / /
 =========|_|==============|___/=/_/_/_/
 :: Spring Boot ::        (v2.1.7.RELEASE)

2023-05-30 21:58:47.202  INFO 2472 --- [    Test worker] com.crudpractice.HelloControllerTest     : Starting HelloControllerTest on DESKTOP-7HTCRV8 with PID 2472 (started by lee in C:\Users\lee\IdeaProjects\CrudPractice)
2023-05-30 21:58:47.205  INFO 2472 --- [    Test worker] com.crudpractice.HelloControllerTest     : No active profile set, falling back to default profiles: default
2023-05-30 21:58:48.442  INFO 2472 --- [    Test worker] o.s.s.concurrent.ThreadPoolTaskExecutor  : Initializing ExecutorService 'applicationTaskExecutor'
2023-05-30 21:58:48.537  INFO 2472 --- [    Test worker] o.s.b.a.w.s.WelcomePageHandlerMapping    : Adding welcome page template: index
2023-05-30 21:58:48.878  INFO 2472 --- [    Test worker] .s.s.UserDetailsServiceAutoConfiguration : 

Using generated security password: ec38c014-cf6c-499e-9d68-c2baa7434e07

2023-05-30 21:58:49.096  INFO 2472 --- [    Test worker] o.s.s.web.DefaultSecurityFilterChain     : Creating filter chain: any request, [org.springframework.security.web.context.request.async.WebAsyncManagerIntegrationFilter@6f9d973e, org.springframework.security.web.context.SecurityContextPersistenceFilter@59b22ff4, org.springframework.security.web.header.HeaderWriterFilter@736149d3, org.springframework.security.web.csrf.CsrfFilter@4aafcaf2, org.springframework.security.web.authentication.logout.LogoutFilter@4522e1ef, org.springframework.security.web.authentication.UsernamePasswordAuthenticationFilter@6436e1f8, org.springframework.security.web.authentication.ui.DefaultLoginPageGeneratingFilter@76eb84b1, org.springframework.security.web.authentication.ui.DefaultLogoutPageGeneratingFilter@2683601, org.springframework.security.web.authentication.www.BasicAuthenticationFilter@731bb865, org.springframework.security.web.savedrequest.RequestCacheAwareFilter@3c3cfa3e, org.springframework.security.web.servletapi.SecurityContextHolderAwareRequestFilter@2b25fdbe, org.springframework.security.web.authentication.AnonymousAuthenticationFilter@5dc002cb, org.springframework.security.web.session.SessionManagementFilter@9717ee4, org.springframework.security.web.access.ExceptionTranslationFilter@1151c62c, org.springframework.security.web.access.intercept.FilterSecurityInterceptor@510f67c3]
2023-05-30 21:58:49.142  INFO 2472 --- [    Test worker] o.s.b.t.m.w.SpringBootMockServletContext : Initializing Spring TestDispatcherServlet ''
2023-05-30 21:58:49.142  INFO 2472 --- [    Test worker] o.s.t.web.servlet.TestDispatcherServlet  : Initializing Servlet ''
2023-05-30 21:58:49.155  INFO 2472 --- [    Test worker] o.s.t.web.servlet.TestDispatcherServlet  : Completed initialization in 13 ms
2023-05-30 21:58:49.200  INFO 2472 --- [    Test worker] com.crudpractice.HelloControllerTest     : Started HelloControllerTest in 2.244 seconds (JVM running for 3.277)
]]></system-out>
  <system-err><![CDATA[]]></system-err>
</testsuite>
