<?xml version="1.0" encoding="UTF-8"?>
<testsuite name="com.crudpractice.web.PostsApiControllerTest" tests="2" skipped="0" failures="0" errors="0" timestamp="2023-05-30T12:58:56" hostname="DESKTOP-7HTCRV8" time="0.08">
  <properties/>
  <testcase name="updatePosts" classname="com.crudpractice.web.PostsApiControllerTest" time="0.069"/>
  <testcase name="createPosts" classname="com.crudpractice.web.PostsApiControllerTest" time="0.011"/>
  <system-out><![CDATA[2023-05-30 21:58:56.099  INFO 2472 --- [    Test worker] .b.t.c.SpringBootTestContextBootstrapper : Neither @ContextConfiguration nor @ContextHierarchy found for test class [com.crudpractice.web.PostsApiControllerTest], using SpringBootContextLoader
2023-05-30 21:58:56.100  INFO 2472 --- [    Test worker] o.s.t.c.support.AbstractContextLoader    : Could not detect default resource locations for test class [com.crudpractice.web.PostsApiControllerTest]: no resource found for suffixes {-context.xml, Context.groovy}.
2023-05-30 21:58:56.100  INFO 2472 --- [    Test worker] t.c.s.AnnotationConfigContextLoaderUtils : Could not detect default configuration classes for test class [com.crudpractice.web.PostsApiControllerTest]: PostsApiControllerTest does not declare any static, non-private, non-final, nested classes annotated with @Configuration.
2023-05-30 21:58:56.102  INFO 2472 --- [    Test worker] .b.t.c.SpringBootTestContextBootstrapper : Found @SpringBootConfiguration com.crudpractice.Application for test class com.crudpractice.web.PostsApiControllerTest
2023-05-30 21:58:56.103  INFO 2472 --- [    Test worker] .b.t.c.SpringBootTestContextBootstrapper : Loaded default TestExecutionListener class names from location [META-INF/spring.factories]: [org.springframework.security.test.context.support.WithSecurityContextTestExecutionListener, org.springframework.security.test.context.support.ReactorContextTestExecutionListener, org.springframework.boot.test.autoconfigure.restdocs.RestDocsTestExecutionListener, org.springframework.boot.test.autoconfigure.web.client.MockRestServiceServerResetTestExecutionListener, org.springframework.boot.test.autoconfigure.web.servlet.MockMvcPrintOnlyOnFailureTestExecutionListener, org.springframework.boot.test.autoconfigure.web.servlet.WebDriverTestExecutionListener, org.springframework.boot.test.mock.mockito.MockitoTestExecutionListener, org.springframework.boot.test.mock.mockito.ResetMocksTestExecutionListener, org.springframework.test.context.web.ServletTestExecutionListener, org.springframework.test.context.support.DirtiesContextBeforeModesTestExecutionListener, org.springframework.test.context.support.DependencyInjectionTestExecutionListener, org.springframework.test.context.support.DirtiesContextTestExecutionListener, org.springframework.test.context.transaction.TransactionalTestExecutionListener, org.springframework.test.context.jdbc.SqlScriptsTestExecutionListener]
2023-05-30 21:58:56.103  INFO 2472 --- [    Test worker] .b.t.c.SpringBootTestContextBootstrapper : Using TestExecutionListeners: [org.springframework.test.context.web.ServletTestExecutionListener@7b52287a, org.springframework.test.context.support.DirtiesContextBeforeModesTestExecutionListener@4005d817, org.springframework.boot.test.mock.mockito.MockitoTestExecutionListener@2db4de20, org.springframework.boot.test.autoconfigure.SpringBootDependencyInjectionTestExecutionListener@768320fd, org.springframework.test.context.support.DirtiesContextTestExecutionListener@1cf8d7af, org.springframework.test.context.transaction.TransactionalTestExecutionListener@72536147, org.springframework.test.context.jdbc.SqlScriptsTestExecutionListener@791de4f3, org.springframework.security.test.context.support.WithSecurityContextTestExecutionListener@1676b7e5, org.springframework.security.test.context.support.ReactorContextTestExecutionListener@4c695f2b, org.springframework.boot.test.autoconfigure.restdocs.RestDocsTestExecutionListener@255956b8, org.springframework.boot.test.autoconfigure.web.client.MockRestServiceServerResetTestExecutionListener@3375149c, org.springframework.boot.test.autoconfigure.web.servlet.MockMvcPrintOnlyOnFailureTestExecutionListener@101f4488, org.springframework.boot.test.autoconfigure.web.servlet.WebDriverTestExecutionListener@1689c1a7, org.springframework.boot.test.mock.mockito.ResetMocksTestExecutionListener@798aa958]
2023-05-30 21:58:56.111  INFO 2472 --- [    Test worker] o.a.c.c.C.[Tomcat].[localhost].[/]       : Initializing Spring TestDispatcherServlet ''
2023-05-30 21:58:56.111  INFO 2472 --- [    Test worker] o.s.t.web.servlet.TestDispatcherServlet  : Initializing Servlet ''
2023-05-30 21:58:56.113  INFO 2472 --- [    Test worker] o.s.t.web.servlet.TestDispatcherServlet  : Completed initialization in 2 ms
Hibernate: insert into posts (created_date, modified_date, author, content, title) values (?, ?, ?, ?, ?)
Hibernate: select posts0_.id as id1_0_0_, posts0_.created_date as created_2_0_0_, posts0_.modified_date as modified3_0_0_, posts0_.author as author4_0_0_, posts0_.content as content5_0_0_, posts0_.title as title6_0_0_ from posts posts0_ where posts0_.id=?
Hibernate: update posts set created_date=?, modified_date=?, author=?, content=?, title=? where id=?
Hibernate: select posts0_.id as id1_0_, posts0_.created_date as created_2_0_, posts0_.modified_date as modified3_0_, posts0_.author as author4_0_, posts0_.content as content5_0_, posts0_.title as title6_0_ from posts posts0_
Hibernate: select posts0_.id as id1_0_, posts0_.created_date as created_2_0_, posts0_.modified_date as modified3_0_, posts0_.author as author4_0_, posts0_.content as content5_0_, posts0_.title as title6_0_ from posts posts0_
Hibernate: delete from posts where id=?
2023-05-30 21:58:56.177  INFO 2472 --- [    Test worker] o.a.c.c.C.[Tomcat].[localhost].[/]       : Initializing Spring TestDispatcherServlet ''
2023-05-30 21:58:56.177  INFO 2472 --- [    Test worker] o.s.t.web.servlet.TestDispatcherServlet  : Initializing Servlet ''
2023-05-30 21:58:56.178  INFO 2472 --- [    Test worker] o.s.t.web.servlet.TestDispatcherServlet  : Completed initialization in 1 ms
Hibernate: insert into posts (created_date, modified_date, author, content, title) values (?, ?, ?, ?, ?)
Hibernate: select posts0_.id as id1_0_, posts0_.created_date as created_2_0_, posts0_.modified_date as modified3_0_, posts0_.author as author4_0_, posts0_.content as content5_0_, posts0_.title as title6_0_ from posts posts0_
Hibernate: select posts0_.id as id1_0_, posts0_.created_date as created_2_0_, posts0_.modified_date as modified3_0_, posts0_.author as author4_0_, posts0_.content as content5_0_, posts0_.title as title6_0_ from posts posts0_
Hibernate: delete from posts where id=?
]]></system-out>
  <system-err><![CDATA[]]></system-err>
</testsuite>
