<?xml version="1.0" encoding="UTF-8"?>
<testsuite name="com.crudpractice.dto.HelloResponseDtoTest" tests="1" skipped="0" failures="0" errors="0" timestamp="2023-05-30T12:58:53" hostname="DESKTOP-7HTCRV8" time="0.002">
  <properties/>
  <testcase name="testLombok" classname="com.crudpractice.dto.HelloResponseDtoTest" time="0.002"/>
  <system-out><![CDATA[]]></system-out>
  <system-err><![CDATA[]]></system-err>
</testsuite>
